This file contains any messages produced by compilers while
running configure, to aid debugging if configure makes a mistake.

It was created by CarSim configure 0.0.1, which was
generated by GNU Autoconf 2.69.  Invocation command line was

  $ ./configure --no-create --no-recursion

## --------- ##
## Platform. ##
## --------- ##

hostname = localhost.localdomain
uname -m = x86_64
uname -r = 3.19.4-200.fc21.x86_64
uname -s = Linux
uname -v = #1 SMP Mon Apr 13 21:43:26 UTC 2015

/usr/bin/uname -p = x86_64
/bin/uname -X     = unknown

/bin/arch              = x86_64
/usr/bin/arch -k       = unknown
/usr/convex/getsysinfo = unknown
/usr/bin/hostinfo      = unknown
/bin/machine           = unknown
/usr/bin/oslevel       = unknown
/bin/universe          = unknown

PATH: /usr/lib64/qt-3.3/bin
PATH: /usr/local/bin
PATH: /usr/local/sbin
PATH: /usr/bin
PATH: /usr/sbin
PATH: /bin
PATH: /sbin
PATH: /home/wildenberg/.local/bin
PATH: /home/wildenberg/bin
PATH: /home/wildenberg/android-dev/android-studio/bin


## ----------- ##
## Core tests. ##
## ----------- ##

configure:1857: checking for a BSD-compatible install
configure:1925: result: /usr/bin/install -c
configure:1936: checking whether build environment is sane
configure:1991: result: yes
configure:2142: checking for a thread-safe mkdir -p
configure:2181: result: /usr/bin/mkdir -p
configure:2188: checking for gawk
configure:2204: found /usr/bin/gawk
configure:2215: result: gawk
configure:2226: checking whether make sets $(MAKE)
configure:2248: result: yes
configure:2277: checking whether make supports nested variables
configure:2294: result: yes
configure:2480: checking for g++
configure:2496: found /usr/bin/g++
configure:2507: result: g++
configure:2534: checking for C++ compiler version
configure:2543: g++ --version >&5
g++ (GCC) 4.9.2 20150212 (Red Hat 4.9.2-6)
Copyright (C) 2014 Free Software Foundation, Inc.
This is free software; see the source for copying conditions.  There is NO
warranty; not even for MERCHANTABILITY or FITNESS FOR A PARTICULAR PURPOSE.

configure:2554: $? = 0
configure:2543: g++ -v >&5
Using built-in specs.
COLLECT_GCC=g++
COLLECT_LTO_WRAPPER=/usr/libexec/gcc/x86_64-redhat-linux/4.9.2/lto-wrapper
Target: x86_64-redhat-linux
Configured with: ../configure --prefix=/usr --mandir=/usr/share/man --infodir=/usr/share/info --with-bugurl=http://bugzilla.redhat.com/bugzilla --enable-bootstrap --enable-shared --enable-threads=posix --enable-checking=release --enable-multilib --with-system-zlib --enable-__cxa_atexit --disable-libunwind-exceptions --enable-gnu-unique-object --enable-linker-build-id --with-linker-hash-style=gnu --enable-languages=c,c++,objc,obj-c++,fortran,ada,go,lto --enable-plugin --enable-initfini-array --disable-libgcj --with-isl=/builddir/build/BUILD/gcc-4.9.2-20150212/obj-x86_64-redhat-linux/isl-install --with-cloog=/builddir/build/BUILD/gcc-4.9.2-20150212/obj-x86_64-redhat-linux/cloog-install --enable-gnu-indirect-function --with-tune=generic --with-arch_32=i686 --build=x86_64-redhat-linux
Thread model: posix
gcc version 4.9.2 20150212 (Red Hat 4.9.2-6) (GCC) 
configure:2554: $? = 0
configure:2543: g++ -V >&5
g++: error: unrecognized command line option '-V'
g++: fatal error: no input files
compilation terminated.
configure:2554: $? = 4
configure:2543: g++ -qversion >&5
g++: error: unrecognized command line option '-qversion'
g++: fatal error: no input files
compilation terminated.
configure:2554: $? = 4
configure:2574: checking whether the C++ compiler works
configure:2596: g++    conftest.cpp  >&5
configure:2600: $? = 0
configure:2648: result: yes
configure:2651: checking for C++ compiler default output file name
configure:2653: result: a.out
configure:2659: checking for suffix of executables
configure:2666: g++ -o conftest    conftest.cpp  >&5
configure:2670: $? = 0
configure:2692: result: 
configure:2714: checking whether we are cross compiling
configure:2722: g++ -o conftest    conftest.cpp  >&5
configure:2726: $? = 0
configure:2733: ./conftest
configure:2737: $? = 0
configure:2752: result: no
configure:2757: checking for suffix of object files
configure:2779: g++ -c   conftest.cpp >&5
configure:2783: $? = 0
configure:2804: result: o
configure:2808: checking whether we are using the GNU C++ compiler
configure:2827: g++ -c   conftest.cpp >&5
configure:2827: $? = 0
configure:2836: result: yes
configure:2845: checking whether g++ accepts -g
configure:2865: g++ -c -g  conftest.cpp >&5
configure:2865: $? = 0
configure:2906: result: yes
configure:2940: checking for style of include used by make
configure:2968: result: GNU
configure:2994: checking dependency style of g++
configure:3105: result: gcc3
configure:3176: checking for pkg-config
configure:3194: found /usr/bin/pkg-config
configure:3206: result: /usr/bin/pkg-config
configure:3231: checking pkg-config is at least version 0.9.0
configure:3234: result: yes
configure:3244: checking for DEPS
configure:3251: $PKG_CONFIG --exists --print-errors "glfw3 glew"
configure:3254: $? = 0
configure:3268: $PKG_CONFIG --exists --print-errors "glfw3 glew"
configure:3271: $? = 0
configure:3329: result: yes
configure:3444: checking that generated files are newer than configure
configure:3450: result: done
configure:3473: creating ./config.status

## ---------------- ##
## Cache variables. ##
## ---------------- ##

ac_cv_cxx_compiler_gnu=yes
ac_cv_env_CCC_set=
ac_cv_env_CCC_value=
ac_cv_env_CPPFLAGS_set=
ac_cv_env_CPPFLAGS_value=
ac_cv_env_CXXFLAGS_set=
ac_cv_env_CXXFLAGS_value=
ac_cv_env_CXX_set=
ac_cv_env_CXX_value=
ac_cv_env_DEPS_CFLAGS_set=
ac_cv_env_DEPS_CFLAGS_value=
ac_cv_env_DEPS_LIBS_set=
ac_cv_env_DEPS_LIBS_value=
ac_cv_env_LDFLAGS_set=
ac_cv_env_LDFLAGS_value=
ac_cv_env_LIBS_set=
ac_cv_env_LIBS_value=
ac_cv_env_PKG_CONFIG_LIBDIR_set=
ac_cv_env_PKG_CONFIG_LIBDIR_value=
ac_cv_env_PKG_CONFIG_PATH_set=
ac_cv_env_PKG_CONFIG_PATH_value=
ac_cv_env_PKG_CONFIG_set=
ac_cv_env_PKG_CONFIG_value=
ac_cv_env_build_alias_set=
ac_cv_env_build_alias_value=
ac_cv_env_host_alias_set=
ac_cv_env_host_alias_value=
ac_cv_env_target_alias_set=
ac_cv_env_target_alias_value=
ac_cv_objext=o
ac_cv_path_ac_pt_PKG_CONFIG=/usr/bin/pkg-config
ac_cv_path_install='/usr/bin/install -c'
ac_cv_path_mkdir=/usr/bin/mkdir
ac_cv_prog_AWK=gawk
ac_cv_prog_ac_ct_CXX=g++
ac_cv_prog_cxx_g=yes
ac_cv_prog_make_make_set=yes
am_cv_CXX_dependencies_compiler_type=gcc3
am_cv_make_support_nested_variables=yes
pkg_cv_DEPS_CFLAGS='-I/usr/include/GL -I/usr/include/libdrm '
pkg_cv_DEPS_LIBS='-lglfw -lGLEW -lGLU -lGL '

## ----------------- ##
## Output variables. ##
## ----------------- ##

ACLOCAL='${SHELL} /home/wildenberg/CarSim/build-aux/missing aclocal-1.14'
AMDEPBACKSLASH='\'
AMDEP_FALSE='#'
AMDEP_TRUE=''
AMTAR='$${TAR-tar}'
AM_BACKSLASH='\'
AM_DEFAULT_V='$(AM_DEFAULT_VERBOSITY)'
AM_DEFAULT_VERBOSITY='1'
AM_V='$(V)'
AUTOCONF='${SHELL} /home/wildenberg/CarSim/build-aux/missing autoconf'
AUTOHEADER='${SHELL} /home/wildenberg/CarSim/build-aux/missing autoheader'
AUTOMAKE='${SHELL} /home/wildenberg/CarSim/build-aux/missing automake-1.14'
AWK='gawk'
CPPFLAGS=''
CXX='g++'
CXXDEPMODE='depmode=gcc3'
CXXFLAGS='-g -O2'
CYGPATH_W='echo'
DEFS='-DHAVE_CONFIG_H'
DEPDIR='.deps'
DEPS_CFLAGS='-I/usr/include/GL -I/usr/include/libdrm '
DEPS_LIBS='-lglfw -lGLEW -lGLU -lGL '
ECHO_C=''
ECHO_N='-n'
ECHO_T=''
EXEEXT=''
INSTALL_DATA='${INSTALL} -m 644'
INSTALL_PROGRAM='${INSTALL}'
INSTALL_SCRIPT='${INSTALL}'
INSTALL_STRIP_PROGRAM='$(install_sh) -c -s'
LDFLAGS=''
LIBOBJS=''
LIBS=''
LTLIBOBJS=''
MAKEINFO='${SHELL} /home/wildenberg/CarSim/build-aux/missing makeinfo'
MKDIR_P='/usr/bin/mkdir -p'
OBJEXT='o'
PACKAGE='carsim'
PACKAGE_BUGREPORT='ewilden2017@gmail.com'
PACKAGE_NAME='CarSim'
PACKAGE_STRING='CarSim 0.0.1'
PACKAGE_TARNAME='carsim'
PACKAGE_URL=''
PACKAGE_VERSION='0.0.1'
PATH_SEPARATOR=':'
PKG_CONFIG='/usr/bin/pkg-config'
PKG_CONFIG_LIBDIR=''
PKG_CONFIG_PATH=''
SET_MAKE=''
SHELL='/bin/sh'
STRIP=''
VERSION='0.0.1'
ac_ct_CXX='g++'
am__EXEEXT_FALSE=''
am__EXEEXT_TRUE='#'
am__fastdepCXX_FALSE='#'
am__fastdepCXX_TRUE=''
am__include='include'
am__isrc=''
am__leading_dot='.'
am__nodep='_no'
am__quote=''
am__tar='$${TAR-tar} chof - "$$tardir"'
am__untar='$${TAR-tar} xf -'
bindir='${exec_prefix}/bin'
build_alias=''
datadir='${datarootdir}'
datarootdir='${prefix}/share'
docdir='${datarootdir}/doc/${PACKAGE_TARNAME}'
dvidir='${docdir}'
exec_prefix='${prefix}'
host_alias=''
htmldir='${docdir}'
includedir='${prefix}/include'
infodir='${datarootdir}/info'
install_sh='${SHELL} /home/wildenberg/CarSim/build-aux/install-sh'
libdir='${exec_prefix}/lib'
libexecdir='${exec_prefix}/libexec'
localedir='${datarootdir}/locale'
localstatedir='${prefix}/var'
mandir='${datarootdir}/man'
mkdir_p='$(MKDIR_P)'
oldincludedir='/usr/include'
pdfdir='${docdir}'
prefix='/usr/local'
program_transform_name='s,x,x,'
psdir='${docdir}'
sbindir='${exec_prefix}/sbin'
sharedstatedir='${prefix}/com'
sysconfdir='${prefix}/etc'
target_alias=''

## ----------- ##
## confdefs.h. ##
## ----------- ##

/* confdefs.h */
#define PACKAGE_NAME "CarSim"
#define PACKAGE_TARNAME "carsim"
#define PACKAGE_VERSION "0.0.1"
#define PACKAGE_STRING "CarSim 0.0.1"
#define PACKAGE_BUGREPORT "ewilden2017@gmail.com"
#define PACKAGE_URL ""
#define PACKAGE "carsim"
#define VERSION "0.0.1"

configure: exit 0

## ---------------------- ##
## Running config.status. ##
## ---------------------- ##

This file was extended by CarSim config.status 0.0.1, which was
generated by GNU Autoconf 2.69.  Invocation command line was

  CONFIG_FILES    = 
  CONFIG_HEADERS  = 
  CONFIG_LINKS    = 
  CONFIG_COMMANDS = 
  $ ./config.status 

on localhost.localdomain

config.status:844: creating Makefile
config.status:844: creating config.h
config.status:1025: config.h is unchanged
config.status:1073: executing depfiles commands
